<?xml version="1.0" encoding="UTF-8"?>
<TestRun id="4658ddaa-ff72-4053-9ab8-35729255f778" name="admin@KHUSHBU 2012-07-06 18:55:20" runUser="khushbu\admin" xmlns="http://microsoft.com/schemas/VisualStudio/TeamTest/2010">
  <TestSettings name="Local" id="00b872d4-03a7-408d-85c3-652823dfeca7">
    <Description>These are default test settings for a local test run.</Description>
    <Deployment runDeploymentRoot="admin_KHUSHBU 2012-07-06 18_55_20">
      <DeploymentItem filename="C:\Users\admin\Documents\Visual Studio 2010\Projects\FactorialWithString\FactorialWithString\bin\Debug\FactorialWithString.exe" />
    </Deployment>
    <Execution>
      <TestTypeSpecific>
        <UnitTestRunConfig testTypeId="13cdc9d9-ddb5-4fa4-a97d-d965ccfc6d4b">
          <AssemblyResolution>
            <TestDirectory useLoadContext="true" />
          </AssemblyResolution>
        </UnitTestRunConfig>
        <WebTestRunConfiguration testTypeId="4e7599fa-5ecb-43e9-a887-cd63cf72d207">
          <Browser name="Internet Explorer 7.0">
            <Headers>
              <Header name="User-Agent" value="Mozilla/4.0 (compatible; MSIE 7.0; Windows NT 5.1)" />
              <Header name="Accept" value="*/*" />
              <Header name="Accept-Language" value="{{$IEAcceptLanguage}}" />
              <Header name="Accept-Encoding" value="GZIP" />
            </Headers>
          </Browser>
        </WebTestRunConfiguration>
      </TestTypeSpecific>
      <AgentRule name="LocalMachineDefaultRole">
        <DataCollectors>
          <DataCollector uri="datacollector://microsoft/CodeCoverage/1.0" assemblyQualifiedName="Microsoft.VisualStudio.TestTools.CodeCoverage.CoveragePlugIn, Microsoft.VisualStudio.QualityTools.Plugins.CodeCoverage, Version=10.0.0.0, Culture=neutral, PublicKeyToken=b03f5f7f11d50a3a" friendlyName="Code Coverage">
            <Configuration>
              <CodeCoverage xmlns="">
                <Regular>
                  <CodeCoverageItem binaryFile="C:\Users\admin\Documents\Visual Studio 2010\Projects\FactorialWithString\FactorialWithString\bin\Debug\FactorialWithString.exe" pdbFile="C:\Users\admin\Documents\Visual Studio 2010\Projects\FactorialWithString\FactorialWithString\bin\Debug\FactorialWithString.instr.pdb" instrumentInPlace="true" />
                  <CodeCoverageItem binaryFile="C:\Users\admin\Documents\Visual Studio 2010\Projects\FactorialWithString\FactorialWithStringTest\bin\Debug\FactorialWithStringTest.dll" pdbFile="C:\Users\admin\Documents\Visual Studio 2010\Projects\FactorialWithString\FactorialWithStringTest\bin\Debug\FactorialWithStringTest.instr.pdb" instrumentInPlace="true" />
                </Regular>
              </CodeCoverage>
            </Configuration>
          </DataCollector>
        </DataCollectors>
      </AgentRule>
    </Execution>
  </TestSettings>
  <Times creation="2012-07-06T18:55:20.9741019+05:30" queuing="2012-07-06T18:55:24.4152987+05:30" start="2012-07-06T18:55:24.5423060+05:30" finish="2012-07-06T18:55:28.2695192+05:30" />
  <ResultSummary outcome="Completed">
    <Counters total="7" executed="7" passed="7" error="0" failed="0" timeout="0" aborted="0" inconclusive="0" passedButRunAborted="0" notRunnable="0" notExecuted="0" disconnected="0" warning="0" completed="0" inProgress="0" pending="0" />
    <ResultFiles>
      <ResultFile path="KHUSHBU\data.coverage" />
    </ResultFiles>
  </ResultSummary>
  <TestDefinitions>
    <UnitTest name="FactorialOfZero" storage="c:\users\admin\documents\visual studio 2010\projects\factorialwithstring\factorialwithstringtest\bin\debug\factorialwithstringtest.dll" id="e467cd29-8202-b005-19d4-e69c6988d724">
      <Execution id="9fadb48e-7f30-4638-ae94-9e9a5c92dcd7" />
      <TestMethod codeBase="C:/Users/admin/Documents/Visual Studio 2010/Projects/FactorialWithString/FactorialWithStringTest/bin/Debug/FactorialWithStringTest.DLL" adapterTypeName="Microsoft.VisualStudio.TestTools.TestTypes.Unit.UnitTestAdapter, Microsoft.VisualStudio.QualityTools.Tips.UnitTest.Adapter, Version=10.0.0.0, Culture=neutral, PublicKeyToken=b03f5f7f11d50a3a" className="FactorialWithStringTest.FactorialTest, FactorialWithStringTest, Version=1.0.0.0, Culture=neutral, PublicKeyToken=null" name="FactorialOfZero" />
    </UnitTest>
    <UnitTest name="FactorialOfOne" storage="c:\users\admin\documents\visual studio 2010\projects\factorialwithstring\factorialwithstringtest\bin\debug\factorialwithstringtest.dll" id="7637b651-648e-20f4-6da6-1a6e48a7ec34">
      <Execution id="c5ce9eba-7c9f-4329-ba29-e5e50c840fe1" />
      <TestMethod codeBase="C:/Users/admin/Documents/Visual Studio 2010/Projects/FactorialWithString/FactorialWithStringTest/bin/Debug/FactorialWithStringTest.DLL" adapterTypeName="Microsoft.VisualStudio.TestTools.TestTypes.Unit.UnitTestAdapter, Microsoft.VisualStudio.QualityTools.Tips.UnitTest.Adapter, Version=10.0.0.0, Culture=neutral, PublicKeyToken=b03f5f7f11d50a3a" className="FactorialWithStringTest.FactorialTest, FactorialWithStringTest, Version=1.0.0.0, Culture=neutral, PublicKeyToken=null" name="FactorialOfOne" />
    </UnitTest>
    <UnitTest name="FactorialOfNegativeNumberTest" storage="c:\users\admin\documents\visual studio 2010\projects\factorialwithstring\factorialwithstringtest\bin\debug\factorialwithstringtest.dll" id="b23bf2f9-f5a2-23cf-7351-485d75f7cf4a">
      <Execution id="21cf7dc3-b04c-4ba3-92cf-5b4c6a9ab9bf" />
      <TestMethod codeBase="C:/Users/admin/Documents/Visual Studio 2010/Projects/FactorialWithString/FactorialWithStringTest/bin/Debug/FactorialWithStringTest.DLL" adapterTypeName="Microsoft.VisualStudio.TestTools.TestTypes.Unit.UnitTestAdapter, Microsoft.VisualStudio.QualityTools.Tips.UnitTest.Adapter, Version=10.0.0.0, Culture=neutral, PublicKeyToken=b03f5f7f11d50a3a" className="FactorialWithStringTest.FactorialTest, FactorialWithStringTest, Version=1.0.0.0, Culture=neutral, PublicKeyToken=null" name="FactorialOfNegativeNumberTest" />
    </UnitTest>
    <UnitTest name="FactorialOfHundred" storage="c:\users\admin\documents\visual studio 2010\projects\factorialwithstring\factorialwithstringtest\bin\debug\factorialwithstringtest.dll" id="e38b33bf-a2b7-2bea-e106-9b7a765060a4">
      <Execution id="a1ccb9aa-6e6d-4970-911d-532c71599e6f" />
      <TestMethod codeBase="C:/Users/admin/Documents/Visual Studio 2010/Projects/FactorialWithString/FactorialWithStringTest/bin/Debug/FactorialWithStringTest.DLL" adapterTypeName="Microsoft.VisualStudio.TestTools.TestTypes.Unit.UnitTestAdapter, Microsoft.VisualStudio.QualityTools.Tips.UnitTest.Adapter, Version=10.0.0.0, Culture=neutral, PublicKeyToken=b03f5f7f11d50a3a" className="FactorialWithStringTest.FactorialTest, FactorialWithStringTest, Version=1.0.0.0, Culture=neutral, PublicKeyToken=null" name="FactorialOfHundred" />
    </UnitTest>
    <UnitTest name="FactorialOfEmptyNumberTest" storage="c:\users\admin\documents\visual studio 2010\projects\factorialwithstring\factorialwithstringtest\bin\debug\factorialwithstringtest.dll" id="088bff59-9be9-9b90-9d2f-1e2318b22ad9">
      <Execution id="1dfde69a-cdbd-431e-88d4-d0e752d8ae63" />
      <TestMethod codeBase="C:/Users/admin/Documents/Visual Studio 2010/Projects/FactorialWithString/FactorialWithStringTest/bin/Debug/FactorialWithStringTest.DLL" adapterTypeName="Microsoft.VisualStudio.TestTools.TestTypes.Unit.UnitTestAdapter, Microsoft.VisualStudio.QualityTools.Tips.UnitTest.Adapter, Version=10.0.0.0, Culture=neutral, PublicKeyToken=b03f5f7f11d50a3a" className="FactorialWithStringTest.FactorialTest, FactorialWithStringTest, Version=1.0.0.0, Culture=neutral, PublicKeyToken=null" name="FactorialOfEmptyNumberTest" />
    </UnitTest>
    <UnitTest name="FactorialOfFive" storage="c:\users\admin\documents\visual studio 2010\projects\factorialwithstring\factorialwithstringtest\bin\debug\factorialwithstringtest.dll" id="0cce2a93-3c85-36b0-d579-f2dd909c7ec0">
      <Execution id="03fb49b9-c1ac-401f-b2d9-0f4e02eb1b7f" />
      <TestMethod codeBase="C:/Users/admin/Documents/Visual Studio 2010/Projects/FactorialWithString/FactorialWithStringTest/bin/Debug/FactorialWithStringTest.DLL" adapterTypeName="Microsoft.VisualStudio.TestTools.TestTypes.Unit.UnitTestAdapter, Microsoft.VisualStudio.QualityTools.Tips.UnitTest.Adapter, Version=10.0.0.0, Culture=neutral, PublicKeyToken=b03f5f7f11d50a3a" className="FactorialWithStringTest.FactorialTest, FactorialWithStringTest, Version=1.0.0.0, Culture=neutral, PublicKeyToken=null" name="FactorialOfFive" />
    </UnitTest>
    <UnitTest name="FactorialOfInvalidNumberTest" storage="c:\users\admin\documents\visual studio 2010\projects\factorialwithstring\factorialwithstringtest\bin\debug\factorialwithstringtest.dll" id="2e7f34dd-66e9-f948-6bcb-5246fa07df98">
      <Execution id="c54115de-923f-49a7-9892-c35d33d7633b" />
      <TestMethod codeBase="C:/Users/admin/Documents/Visual Studio 2010/Projects/FactorialWithString/FactorialWithStringTest/bin/Debug/FactorialWithStringTest.DLL" adapterTypeName="Microsoft.VisualStudio.TestTools.TestTypes.Unit.UnitTestAdapter, Microsoft.VisualStudio.QualityTools.Tips.UnitTest.Adapter, Version=10.0.0.0, Culture=neutral, PublicKeyToken=b03f5f7f11d50a3a" className="FactorialWithStringTest.FactorialTest, FactorialWithStringTest, Version=1.0.0.0, Culture=neutral, PublicKeyToken=null" name="FactorialOfInvalidNumberTest" />
    </UnitTest>
  </TestDefinitions>
  <TestLists>
    <TestList name="Results Not in a List" id="8c84fa94-04c1-424b-9868-57a2d4851a1d" />
    <TestList name="All Loaded Results" id="19431567-8539-422a-85d7-44ee4e166bda" />
  </TestLists>
  <TestEntries>
    <TestEntry testId="088bff59-9be9-9b90-9d2f-1e2318b22ad9" executionId="1dfde69a-cdbd-431e-88d4-d0e752d8ae63" testListId="8c84fa94-04c1-424b-9868-57a2d4851a1d" />
    <TestEntry testId="0cce2a93-3c85-36b0-d579-f2dd909c7ec0" executionId="03fb49b9-c1ac-401f-b2d9-0f4e02eb1b7f" testListId="8c84fa94-04c1-424b-9868-57a2d4851a1d" />
    <TestEntry testId="2e7f34dd-66e9-f948-6bcb-5246fa07df98" executionId="c54115de-923f-49a7-9892-c35d33d7633b" testListId="8c84fa94-04c1-424b-9868-57a2d4851a1d" />
    <TestEntry testId="7637b651-648e-20f4-6da6-1a6e48a7ec34" executionId="c5ce9eba-7c9f-4329-ba29-e5e50c840fe1" testListId="8c84fa94-04c1-424b-9868-57a2d4851a1d" />
    <TestEntry testId="b23bf2f9-f5a2-23cf-7351-485d75f7cf4a" executionId="21cf7dc3-b04c-4ba3-92cf-5b4c6a9ab9bf" testListId="8c84fa94-04c1-424b-9868-57a2d4851a1d" />
    <TestEntry testId="e38b33bf-a2b7-2bea-e106-9b7a765060a4" executionId="a1ccb9aa-6e6d-4970-911d-532c71599e6f" testListId="8c84fa94-04c1-424b-9868-57a2d4851a1d" />
    <TestEntry testId="e467cd29-8202-b005-19d4-e69c6988d724" executionId="9fadb48e-7f30-4638-ae94-9e9a5c92dcd7" testListId="8c84fa94-04c1-424b-9868-57a2d4851a1d" />
  </TestEntries>
  <Results>
    <UnitTestResult executionId="1dfde69a-cdbd-431e-88d4-d0e752d8ae63" testId="088bff59-9be9-9b90-9d2f-1e2318b22ad9" testName="FactorialOfEmptyNumberTest" computerName="KHUSHBU" duration="00:00:00.0329460" startTime="2012-07-06T18:55:26.3994122+05:30" endTime="2012-07-06T18:55:26.7114301+05:30" testType="13cdc9d9-ddb5-4fa4-a97d-d965ccfc6d4b" outcome="Passed" testListId="8c84fa94-04c1-424b-9868-57a2d4851a1d" relativeResultsDirectory="1dfde69a-cdbd-431e-88d4-d0e752d8ae63">
    </UnitTestResult>
    <UnitTestResult executionId="03fb49b9-c1ac-401f-b2d9-0f4e02eb1b7f" testId="0cce2a93-3c85-36b0-d579-f2dd909c7ec0" testName="FactorialOfFive" computerName="KHUSHBU" duration="00:00:00.0067635" startTime="2012-07-06T18:55:26.7154303+05:30" endTime="2012-07-06T18:55:26.7274310+05:30" testType="13cdc9d9-ddb5-4fa4-a97d-d965ccfc6d4b" outcome="Passed" testListId="8c84fa94-04c1-424b-9868-57a2d4851a1d" relativeResultsDirectory="03fb49b9-c1ac-401f-b2d9-0f4e02eb1b7f">
    </UnitTestResult>
    <UnitTestResult executionId="c54115de-923f-49a7-9892-c35d33d7633b" testId="2e7f34dd-66e9-f948-6bcb-5246fa07df98" testName="FactorialOfInvalidNumberTest" computerName="KHUSHBU" duration="00:00:00.0017248" startTime="2012-07-06T18:55:26.7304312+05:30" endTime="2012-07-06T18:55:26.7424318+05:30" testType="13cdc9d9-ddb5-4fa4-a97d-d965ccfc6d4b" outcome="Passed" testListId="8c84fa94-04c1-424b-9868-57a2d4851a1d" relativeResultsDirectory="c54115de-923f-49a7-9892-c35d33d7633b">
    </UnitTestResult>
    <UnitTestResult executionId="c5ce9eba-7c9f-4329-ba29-e5e50c840fe1" testId="7637b651-648e-20f4-6da6-1a6e48a7ec34" testName="FactorialOfOne" computerName="KHUSHBU" duration="00:00:00.0002649" startTime="2012-07-06T18:55:26.7444320+05:30" endTime="2012-07-06T18:55:26.7504323+05:30" testType="13cdc9d9-ddb5-4fa4-a97d-d965ccfc6d4b" outcome="Passed" testListId="8c84fa94-04c1-424b-9868-57a2d4851a1d" relativeResultsDirectory="c5ce9eba-7c9f-4329-ba29-e5e50c840fe1">
    </UnitTestResult>
    <UnitTestResult executionId="21cf7dc3-b04c-4ba3-92cf-5b4c6a9ab9bf" testId="b23bf2f9-f5a2-23cf-7351-485d75f7cf4a" testName="FactorialOfNegativeNumberTest" computerName="KHUSHBU" duration="00:00:00.0002509" startTime="2012-07-06T18:55:26.7534325+05:30" endTime="2012-07-06T18:55:26.7584328+05:30" testType="13cdc9d9-ddb5-4fa4-a97d-d965ccfc6d4b" outcome="Passed" testListId="8c84fa94-04c1-424b-9868-57a2d4851a1d" relativeResultsDirectory="21cf7dc3-b04c-4ba3-92cf-5b4c6a9ab9bf">
    </UnitTestResult>
    <UnitTestResult executionId="a1ccb9aa-6e6d-4970-911d-532c71599e6f" testId="e38b33bf-a2b7-2bea-e106-9b7a765060a4" testName="FactorialOfHundred" computerName="KHUSHBU" duration="00:00:00.0130495" startTime="2012-07-06T18:55:26.7614329+05:30" endTime="2012-07-06T18:55:26.7804340+05:30" testType="13cdc9d9-ddb5-4fa4-a97d-d965ccfc6d4b" outcome="Passed" testListId="8c84fa94-04c1-424b-9868-57a2d4851a1d" relativeResultsDirectory="a1ccb9aa-6e6d-4970-911d-532c71599e6f">
    </UnitTestResult>
    <UnitTestResult executionId="9fadb48e-7f30-4638-ae94-9e9a5c92dcd7" testId="e467cd29-8202-b005-19d4-e69c6988d724" testName="FactorialOfZero" computerName="KHUSHBU" duration="00:00:00.0002537" startTime="2012-07-06T18:55:26.7874344+05:30" endTime="2012-07-06T18:55:26.7924347+05:30" testType="13cdc9d9-ddb5-4fa4-a97d-d965ccfc6d4b" outcome="Passed" testListId="8c84fa94-04c1-424b-9868-57a2d4851a1d" relativeResultsDirectory="9fadb48e-7f30-4638-ae94-9e9a5c92dcd7">
    </UnitTestResult>
  </Results>
</TestRun>